# JRE version: OpenJDK Runtime Environment Microsoft-9388408 (17.0.11+9) (build 17.0.11+9-LTS)
# Java VM: OpenJDK 64-Bit Server VM Microsoft-9388408 (17.0.11+9-LTS, mixed mode, sharing, tiered, compressed oops, compressed class ptrs, g1 gc, windows-amd64)
GC Precious Log:
 CPUs: 12 total, 12 available
 Memory: 7916M
 Large Page Support: Disabled
 NUMA Support: Disabled
 Compressed Oops: Enabled (32-bit)
 Heap Region Size: 1M
 Heap Min Capacity: 8M
 Heap Initial Capacity: 124M
 Heap Max Capacity: 2G
 Pre-touch: Disabled
 Parallel Workers: 10
 Concurrent Workers: 3
 Concurrent Refinement Workers: 10
 Periodic GC: Disabled
Heap:
 garbage-first heap   total 393216K, used 223338K [0x0000000080000000, 0x0000000100000000)
  region size 1024K, 9 young (9216K), 9 survivors (9216K)
 Metaspace       used 117329K, committed 118656K, reserved 557056K
  class space    used 16020K, committed 16640K, reserved 425984K
GC Heap History (20 events):
Event: 19.401 GC heap after
{Heap after GC invocations=35 (full 0):
 garbage-first heap   total 393216K, used 101957K [0x0000000080000000, 0x0000000100000000)
  region size 1024K, 1 young (1024K), 1 survivors (1024K)
 Metaspace       used 82665K, committed 83520K, reserved 557056K
  class space    used 11459K, committed 11840K, reserved 425984K
}
Event: 22.765 GC heap before
{Heap before GC invocations=35 (full 0):
 garbage-first heap   total 393216K, used 284229K [0x0000000080000000, 0x0000000100000000)
  region size 1024K, 177 young (181248K), 1 survivors (1024K)
 Metaspace       used 91987K, committed 92864K, reserved 557056K
  class space    used 12702K, committed 13120K, reserved 425984K
}
Event: 22.794 GC heap after
{Heap after GC invocations=36 (full 0):
 garbage-first heap   total 393216K, used 112285K [0x0000000080000000, 0x0000000100000000)
  region size 1024K, 9 young (9216K), 9 survivors (9216K)
 Metaspace       used 91987K, committed 92864K, reserved 557056K
  class space    used 12702K, committed 13120K, reserved 425984K
}
Event: 25.349 GC heap before
{Heap before GC invocations=36 (full 0):
 garbage-first heap   total 393216K, used 307869K [0x0000000080000000, 0x0000000100000000)
  region size 1024K, 199 young (203776K), 9 survivors (9216K)
 Metaspace       used 102699K, committed 103744K, reserved 557056K
  class space    used 14280K, committed 14784K, reserved 425984K
}
Event: 25.381 GC heap after
{Heap after GC invocations=37 (full 0):
 garbage-first heap   total 393216K, used 121769K [0x0000000080000000, 0x0000000100000000)
  region size 1024K, 19 young (19456K), 19 survivors (19456K)
 Metaspace       used 102699K, committed 103744K, reserved 557056K
  class space    used 14280K, committed 14784K, reserved 425984K
}
Event: 26.891 GC heap before
{Heap before GC invocations=37 (full 0):
 garbage-first heap   total 393216K, used 314281K [0x0000000080000000, 0x0000000100000000)
  region size 1024K, 205 young (209920K), 19 survivors (19456K)
 Metaspace       used 105680K, committed 106688K, reserved 557056K
  class space    used 14666K, committed 15168K, reserved 425984K
}
Event: 26.920 GC heap after
{Heap after GC invocations=38 (full 0):
 garbage-first heap   total 393216K, used 138994K [0x0000000080000000, 0x0000000100000000)
  region size 1024K, 25 young (25600K), 25 survivors (25600K)
 Metaspace       used 105680K, committed 106688K, reserved 557056K
  class space    used 14666K, committed 15168K, reserved 425984K
}
Event: 28.070 GC heap before
{Heap before GC invocations=38 (full 0):
 garbage-first heap   total 393216K, used 317170K [0x0000000080000000, 0x0000000100000000)
  region size 1024K, 195 young (199680K), 25 survivors (25600K)
 Metaspace       used 106338K, committed 107392K, reserved 557056K
  class space    used 14744K, committed 15232K, reserved 425984K
}
Event: 28.108 GC heap after
{Heap after GC invocations=39 (full 0):
 garbage-first heap   total 393216K, used 160384K [0x0000000080000000, 0x0000000100000000)
  region size 1024K, 20 young (20480K), 20 survivors (20480K)
 Metaspace       used 106338K, committed 107392K, reserved 557056K
  class space    used 14744K, committed 15232K, reserved 425984K
}
Event: 28.777 GC heap before
{Heap before GC invocations=39 (full 0):
 garbage-first heap   total 393216K, used 315008K [0x0000000080000000, 0x0000000100000000)
  region size 1024K, 172 young (176128K), 20 survivors (20480K)
 Metaspace       used 106558K, committed 107712K, reserved 557056K
  class space    used 14766K, committed 15296K, reserved 425984K
}
Event: 28.796 GC heap after
{Heap after GC invocations=40 (full 0):
 garbage-first heap   total 393216K, used 165467K [0x0000000080000000, 0x0000000100000000)
  region size 1024K, 8 young (8192K), 8 survivors (8192K)
 Metaspace       used 106558K, committed 107712K, reserved 557056K
  class space    used 14766K, committed 15296K, reserved 425984K
}
Event: 29.789 GC heap before
{Heap before GC invocations=40 (full 0):
 garbage-first heap   total 393216K, used 323163K [0x0000000080000000, 0x0000000100000000)
  region size 1024K, 159 young (162816K), 8 survivors (8192K)
 Metaspace       used 107131K, committed 108288K, reserved 557056K
  class space    used 14820K, committed 15360K, reserved 425984K
}
Event: 29.800 GC heap after
{Heap after GC invocations=41 (full 0):
 garbage-first heap   total 393216K, used 181159K [0x0000000080000000, 0x0000000100000000)
  region size 1024K, 20 young (20480K), 20 survivors (20480K)
 Metaspace       used 107131K, committed 108288K, reserved 557056K
  class space    used 14820K, committed 15360K, reserved 425984K
}
Event: 31.353 GC heap before
{Heap before GC invocations=41 (full 0):
 garbage-first heap   total 393216K, used 323495K [0x0000000080000000, 0x0000000100000000)
  region size 1024K, 157 young (160768K), 20 survivors (20480K)
 Metaspace       used 113856K, committed 115136K, reserved 557056K
  class space    used 15751K, committed 16384K, reserved 425984K
}
Event: 31.418 GC heap after
{Heap after GC invocations=42 (full 0):
 garbage-first heap   total 393216K, used 200977K [0x0000000080000000, 0x0000000100000000)
  region size 1024K, 18 young (18432K), 18 survivors (18432K)
 Metaspace       used 113856K, committed 115136K, reserved 557056K
  class space    used 15751K, committed 16384K, reserved 425984K
}
Event: 32.744 GC heap before
{Heap before GC invocations=42 (full 0):
 garbage-first heap   total 393216K, used 325905K [0x0000000080000000, 0x0000000100000000)
  region size 1024K, 136 young (139264K), 18 survivors (18432K)
 Metaspace       used 117221K, committed 118592K, reserved 557056K
  class space    used 16008K, committed 16640K, reserved 425984K
}
Event: 32.768 GC heap after
{Heap after GC invocations=43 (full 0):
 garbage-first heap   total 393216K, used 214870K [0x0000000080000000, 0x0000000100000000)
  region size 1024K, 15 young (15360K), 15 survivors (15360K)
 Metaspace       used 117221K, committed 118592K, reserved 557056K
  class space    used 16008K, committed 16640K, reserved 425984K
}
Event: 32.995 GC heap before
{Heap before GC invocations=43 (full 0):
 garbage-first heap   total 393216K, used 321366K [0x0000000080000000, 0x0000000100000000)
  region size 1024K, 120 young (122880K), 15 survivors (15360K)
 Metaspace       used 117228K, committed 118592K, reserved 557056K
  class space    used 16010K, committed 16640K, reserved 425984K
}
Event: 33.008 GC heap after
{Heap after GC invocations=44 (full 0):
 garbage-first heap   total 393216K, used 221017K [0x0000000080000000, 0x0000000100000000)
  region size 1024K, 6 young (6144K), 6 survivors (6144K)
 Metaspace       used 117228K, committed 118592K, reserved 557056K
  class space    used 16010K, committed 16640K, reserved 425984K
}
Event: 33.447 GC heap before
{Heap before GC invocations=44 (full 0):
 garbage-first heap   total 393216K, used 326489K [0x0000000080000000, 0x0000000100000000)
  region size 1024K, 110 young (112640K), 6 survivors (6144K)
 Metaspace       used 117329K, committed 118656K, reserved 557056K
  class space    used 16020K, committed 16640K, reserved 425984K
}

